[debug] [2025-12-22T12:56:19.939Z] ----------------------------------------------------------------------
[debug] [2025-12-22T12:56:19.940Z] Command:       /Users/dawalberto/.nvm/versions/node/v22.13.0/bin/node /Users/dawalberto/.nvm/versions/node/v22.13.0/bin/firebase init firestore --project luluna-4c312
[debug] [2025-12-22T12:56:19.941Z] CLI Version:   15.1.0
[debug] [2025-12-22T12:56:19.941Z] Platform:      darwin
[debug] [2025-12-22T12:56:19.941Z] Node Version:  v22.13.0
[debug] [2025-12-22T12:56:19.941Z] Time:          Mon Dec 22 2025 13:56:19 GMT+0100 (Central European Standard Time)
[debug] [2025-12-22T12:56:19.941Z] ----------------------------------------------------------------------
[debug] 
[debug] [2025-12-22T12:56:19.942Z] >>> [apiv2][query] GET https://firebase-public.firebaseio.com/cli.json [none]
[info] 
     ######## #### ########  ######## ########     ###     ######  ########
     ##        ##  ##     ## ##       ##     ##  ##   ##  ##       ##
     ######    ##  ########  ######   ########  #########  ######  ######
     ##        ##  ##    ##  ##       ##     ## ##     ##       ## ##
     ##       #### ##     ## ######## ########  ##     ##  ######  ########

You're about to initialize a Firebase project in this directory:

  /Users/dawalberto/Code/luluna/luluna-jewelry-catalog

[info] 
=== Project Setup
[info] 
[info] First, let's associate this project directory with a Firebase project.
[info] You can create multiple project aliases by running firebase use --add, 
[info] 
[debug] [2025-12-22T12:56:20.394Z] > command requires scopes: ["email","openid","https://www.googleapis.com/auth/cloudplatformprojects.readonly","https://www.googleapis.com/auth/firebase","https://www.googleapis.com/auth/cloud-platform"]
[debug] [2025-12-22T12:56:20.394Z] > authorizing via signed-in user (albertoinformatica97@gmail.com)
[debug] [2025-12-22T12:56:20.395Z] Checked if tokens are valid: false, expires at: 1630335256930
[debug] [2025-12-22T12:56:20.395Z] Checked if tokens are valid: false, expires at: 1630335256930
[debug] [2025-12-22T12:56:20.395Z] > refreshing access token with scopes: []
[debug] [2025-12-22T12:56:20.395Z] >>> [apiv2][query] POST https://www.googleapis.com/oauth2/v3/token [none]
[debug] [2025-12-22T12:56:20.395Z] >>> [apiv2][body] POST https://www.googleapis.com/oauth2/v3/token [omitted]
[debug] [2025-12-22T12:56:20.531Z] <<< [apiv2][status] POST https://www.googleapis.com/oauth2/v3/token 400
[debug] [2025-12-22T12:56:20.531Z] <<< [apiv2][body] POST https://www.googleapis.com/oauth2/v3/token [omitted]
[debug] [2025-12-22T12:56:20.531Z] >>> [apiv2][query] GET https://firebase.googleapis.com/v1beta1/projects/luluna-4c312 [none]
[debug] [2025-12-22T12:56:20.662Z] <<< [apiv2][status] GET https://firebase-public.firebaseio.com/cli.json 200
[debug] [2025-12-22T12:56:20.662Z] <<< [apiv2][body] GET https://firebase-public.firebaseio.com/cli.json {"cloudBuildErrorAfter":1594252800000,"cloudBuildWarnAfter":1590019200000,"defaultNode10After":1594252800000,"minVersion":"3.0.5","node8DeploysDisabledAfter":1613390400000,"node8RuntimeDisabledAfter":1615809600000,"node8WarnAfter":1600128000000}
[debug] [2025-12-22T12:56:20.708Z] <<< [apiv2][status] GET https://firebase.googleapis.com/v1beta1/projects/luluna-4c312 401
[debug] [2025-12-22T12:56:20.708Z] <<< [apiv2][body] GET https://firebase.googleapis.com/v1beta1/projects/luluna-4c312 {"error":{"code":401,"message":"Request had invalid authentication credentials. Expected OAuth 2 access token, login cookie or other valid authentication credential. See https://developers.google.com/identity/sign-in/web/devconsole-project.","status":"UNAUTHENTICATED"}}
[debug] [2025-12-22T12:56:20.708Z] Got a 401 Unauthenticated error for a call that required authentication. Refreshing tokens.
[debug] [2025-12-22T12:56:20.708Z] Checked if tokens are valid: false, expires at: 1630335256930
[debug] [2025-12-22T12:56:20.708Z] Checked if tokens are valid: false, expires at: 1630335256930
[debug] [2025-12-22T12:56:20.708Z] > refreshing access token with scopes: []
[debug] [2025-12-22T12:56:20.709Z] >>> [apiv2][query] POST https://www.googleapis.com/oauth2/v3/token [none]
[debug] [2025-12-22T12:56:20.709Z] >>> [apiv2][body] POST https://www.googleapis.com/oauth2/v3/token [omitted]
[debug] [2025-12-22T12:56:20.756Z] <<< [apiv2][status] POST https://www.googleapis.com/oauth2/v3/token 400
[debug] [2025-12-22T12:56:20.756Z] <<< [apiv2][body] POST https://www.googleapis.com/oauth2/v3/token [omitted]
[debug] [2025-12-22T12:56:20.757Z] Request to https://firebase.googleapis.com/v1beta1/projects/luluna-4c312 had HTTP Error: 401, Request had invalid authentication credentials. Expected OAuth 2 access token, login cookie or other valid authentication credential. See https://developers.google.com/identity/sign-in/web/devconsole-project.
[debug] [2025-12-22T12:56:20.758Z] FirebaseError: Request to https://firebase.googleapis.com/v1beta1/projects/luluna-4c312 had HTTP Error: 401, Request had invalid authentication credentials. Expected OAuth 2 access token, login cookie or other valid authentication credential. See https://developers.google.com/identity/sign-in/web/devconsole-project.
    at responseToError (/Users/dawalberto/.nvm/versions/node/v22.13.0/lib/node_modules/firebase-tools/lib/responseToError.js:53:12)
    at RetryOperation._fn (/Users/dawalberto/.nvm/versions/node/v22.13.0/lib/node_modules/firebase-tools/lib/apiv2.js:322:77)
    at process.processTicksAndRejections (node:internal/process/task_queues:105:5)
[error] 
[error] Error: Failed to get Firebase project luluna-4c312. Please make sure the project exists and your account has permission to access it.
[debug] [2025-12-22T12:56:24.270Z] ----------------------------------------------------------------------
[debug] [2025-12-22T12:56:24.272Z] Command:       /Users/dawalberto/.nvm/versions/node/v22.13.0/bin/node /Users/dawalberto/.nvm/versions/node/v22.13.0/bin/firebase projects:list
[debug] [2025-12-22T12:56:24.272Z] CLI Version:   15.1.0
[debug] [2025-12-22T12:56:24.272Z] Platform:      darwin
[debug] [2025-12-22T12:56:24.272Z] Node Version:  v22.13.0
[debug] [2025-12-22T12:56:24.273Z] Time:          Mon Dec 22 2025 13:56:24 GMT+0100 (Central European Standard Time)
[debug] [2025-12-22T12:56:24.273Z] ----------------------------------------------------------------------
[debug] 
[debug] [2025-12-22T12:56:24.277Z] > command requires scopes: ["email","openid","https://www.googleapis.com/auth/cloudplatformprojects.readonly","https://www.googleapis.com/auth/firebase","https://www.googleapis.com/auth/cloud-platform"]
[debug] [2025-12-22T12:56:24.277Z] > authorizing via signed-in user (albertoinformatica97@gmail.com)
[debug] [2025-12-22T12:56:24.279Z] Checked if tokens are valid: false, expires at: 1630335256930
[debug] [2025-12-22T12:56:24.279Z] Checked if tokens are valid: false, expires at: 1630335256930
[debug] [2025-12-22T12:56:24.279Z] > refreshing access token with scopes: []
[debug] [2025-12-22T12:56:24.280Z] >>> [apiv2][query] POST https://www.googleapis.com/oauth2/v3/token [none]
[debug] [2025-12-22T12:56:24.280Z] >>> [apiv2][body] POST https://www.googleapis.com/oauth2/v3/token [omitted]
[debug] [2025-12-22T12:56:24.449Z] <<< [apiv2][status] POST https://www.googleapis.com/oauth2/v3/token 400
[debug] [2025-12-22T12:56:24.449Z] <<< [apiv2][body] POST https://www.googleapis.com/oauth2/v3/token [omitted]
[debug] [2025-12-22T12:56:24.449Z] >>> [apiv2][query] GET https://firebase.googleapis.com/v1beta1/projects pageSize=1000
[debug] [2025-12-22T12:56:24.604Z] <<< [apiv2][status] GET https://firebase.googleapis.com/v1beta1/projects 401
[debug] [2025-12-22T12:56:24.604Z] <<< [apiv2][body] GET https://firebase.googleapis.com/v1beta1/projects [omitted]
[debug] [2025-12-22T12:56:24.604Z] Got a 401 Unauthenticated error for a call that required authentication. Refreshing tokens.
[debug] [2025-12-22T12:56:24.604Z] Checked if tokens are valid: false, expires at: 1630335256930
[debug] [2025-12-22T12:56:24.604Z] Checked if tokens are valid: false, expires at: 1630335256930
[debug] [2025-12-22T12:56:24.604Z] > refreshing access token with scopes: []
[debug] [2025-12-22T12:56:24.605Z] >>> [apiv2][query] POST https://www.googleapis.com/oauth2/v3/token [none]
[debug] [2025-12-22T12:56:24.605Z] >>> [apiv2][body] POST https://www.googleapis.com/oauth2/v3/token [omitted]
[debug] [2025-12-22T12:56:24.655Z] <<< [apiv2][status] POST https://www.googleapis.com/oauth2/v3/token 400
[debug] [2025-12-22T12:56:24.656Z] <<< [apiv2][body] POST https://www.googleapis.com/oauth2/v3/token [omitted]
[debug] [2025-12-22T12:56:24.656Z] Request to https://firebase.googleapis.com/v1beta1/projects?pageSize=1000 had HTTP Error: 401, Request had invalid authentication credentials. Expected OAuth 2 access token, login cookie or other valid authentication credential. See https://developers.google.com/identity/sign-in/web/devconsole-project.
[debug] [2025-12-22T12:56:24.657Z] FirebaseError: Request to https://firebase.googleapis.com/v1beta1/projects?pageSize=1000 had HTTP Error: 401, Request had invalid authentication credentials. Expected OAuth 2 access token, login cookie or other valid authentication credential. See https://developers.google.com/identity/sign-in/web/devconsole-project.
    at responseToError (/Users/dawalberto/.nvm/versions/node/v22.13.0/lib/node_modules/firebase-tools/lib/responseToError.js:53:12)
    at RetryOperation._fn (/Users/dawalberto/.nvm/versions/node/v22.13.0/lib/node_modules/firebase-tools/lib/apiv2.js:322:77)
    at process.processTicksAndRejections (node:internal/process/task_queues:105:5)
[error] 
[error] Error: Failed to list Firebase projects. See firebase-debug.log for more info.
